[     185ms] [INFO] %cDownload the React DevTools for a better development experience: https://react.dev/link/react-devtools font-weight:bold @ http://localhost:3000/_next/static/chunks/0whz_next_dist_043sq~v._.js:2431
[     215ms] [LOG] [HMR] connected @ http://localhost:3000/_next/static/chunks/0whz_next_dist_043sq~v._.js:2431
[     271ms] [WARNING] Image with src "/_next/static/media/Tom Bremer_Rift x Janita_Emmastraat_HR-1.16pok24670n_u.jpg" has "fill" but is missing "sizes" prop. Please add it to improve page performance. Read more: https://nextjs.org/docs/api-reference/next/image#sizes @ http://localhost:3000/_next/static/chunks/0whz_next_dist_043sq~v._.js:2431
[     288ms] [WARNING] Image with src "/_next/static/media/Tom Bremer_Rift x Janita_Emmastraat_HR-2.0turdwv8670_2.jpg" has "fill" but is missing "sizes" prop. Please add it to improve page performance. Read more: https://nextjs.org/docs/api-reference/next/image#sizes @ http://localhost:3000/_next/static/chunks/0whz_next_dist_043sq~v._.js:2431
[     290ms] [WARNING] Image with src "/_next/static/media/Tom Bremer_Rift x Janita_Emmastraat_HR-13.0r-cn~uj~43_m.jpg" has "fill" but is missing "sizes" prop. Please add it to improve page performance. Read more: https://nextjs.org/docs/api-reference/next/image#sizes @ http://localhost:3000/_next/static/chunks/0whz_next_dist_043sq~v._.js:2431
[   50886ms] [LOG] [Fast Refresh] rebuilding @ http://localhost:3000/_next/static/chunks/0whz_next_dist_043sq~v._.js:2431
[   50986ms] [LOG] [Fast Refresh] done in 124ms @ http://localhost:3000/_next/static/chunks/0whz_next_dist_043sq~v._.js:2431
[   63192ms] [LOG] [Fast Refresh] rebuilding @ http://localhost:3000/_next/static/chunks/0whz_next_dist_043sq~v._.js:2431
[   63243ms] [LOG] [Fast Refresh] done in 105ms @ http://localhost:3000/_next/static/chunks/0whz_next_dist_043sq~v._.js:2431
[  303018ms] [LOG] [Fast Refresh] rebuilding @ http://localhost:3000/_next/static/chunks/0whz_next_dist_043sq~v._.js:2431
[  303125ms] [LOG] [Fast Refresh] done in 197ms @ http://localhost:3000/_next/static/chunks/0whz_next_dist_043sq~v._.js:2431
[  316191ms] [LOG] [Fast Refresh] rebuilding @ http://localhost:3000/_next/static/chunks/0whz_next_dist_043sq~v._.js:2431
[  316240ms] [LOG] [Fast Refresh] done in 24ms @ http://localhost:3000/_next/static/chunks/0whz_next_dist_043sq~v._.js:2431
[  327949ms] [LOG] [Fast Refresh] rebuilding @ http://localhost:3000/_next/static/chunks/0whz_next_dist_043sq~v._.js:2431
[  328014ms] [LOG] [Fast Refresh] done in 27ms @ http://localhost:3000/_next/static/chunks/0whz_next_dist_043sq~v._.js:2431
[  335427ms] [LOG] [Fast Refresh] rebuilding @ http://localhost:3000/_next/static/chunks/0whz_next_dist_043sq~v._.js:2431
[  335603ms] [LOG] [Fast Refresh] done in 224ms @ http://localhost:3000/_next/static/chunks/0whz_next_dist_043sq~v._.js:2431
[  335714ms] [LOG] [Fast Refresh] rebuilding @ http://localhost:3000/_next/static/chunks/0whz_next_dist_043sq~v._.js:2431
[  335740ms] [LOG] [Fast Refresh] done in 126ms @ http://localhost:3000/_next/static/chunks/0whz_next_dist_043sq~v._.js:2431
[  335864ms] [LOG] [Fast Refresh] rebuilding @ http://localhost:3000/_next/static/chunks/0whz_next_dist_043sq~v._.js:2431
[  335875ms] [LOG] [Fast Refresh] done in 112ms @ http://localhost:3000/_next/static/chunks/0whz_next_dist_043sq~v._.js:2431
[  349246ms] [LOG] [Fast Refresh] rebuilding @ http://localhost:3000/_next/static/chunks/0whz_next_dist_043sq~v._.js:2431
[  349422ms] [LOG] [Fast Refresh] done in 59ms @ http://localhost:3000/_next/static/chunks/0whz_next_dist_043sq~v._.js:2431
